{
  "RSpec": {
    "coverage": {
      "/Users/samuelcox/turing_work/3mod/rails-engine/app/models/customer.rb": {
        "lines": [
          1,
          1,
          1,
          null
        ]
      },
      "/Users/samuelcox/turing_work/3mod/rails-engine/app/models/application_record.rb": {
        "lines": [
          1,
          1,
          null
        ]
      },
      "/Users/samuelcox/turing_work/3mod/rails-engine/app/models/invoice_item.rb": {
        "lines": [
          1,
          1,
          1,
          null,
          1,
          1,
          null
        ]
      },
      "/Users/samuelcox/turing_work/3mod/rails-engine/app/models/invoice.rb": {
        "lines": [
          1,
          1,
          1,
          1,
          1,
          null,
          1,
          null
        ]
      },
      "/Users/samuelcox/turing_work/3mod/rails-engine/app/models/item.rb": {
        "lines": [
          1,
          1,
          1,
          1,
          null,
          1,
          1,
          null,
          1,
          18,
          null,
          null,
          null,
          null,
          1,
          8,
          null,
          null,
          1,
          20,
          20,
          20,
          null,
          null,
          1,
          6,
          null,
          null,
          1,
          8,
          null,
          null
        ]
      },
      "/Users/samuelcox/turing_work/3mod/rails-engine/app/models/merchant.rb": {
        "lines": [
          1,
          1,
          1,
          1,
          null,
          1,
          null,
          1,
          7,
          null,
          null,
          1,
          11,
          null,
          null
        ]
      },
      "/Users/samuelcox/turing_work/3mod/rails-engine/app/models/transaction.rb": {
        "lines": [
          1,
          1,
          null,
          1,
          null
        ]
      },
      "/Users/samuelcox/turing_work/3mod/rails-engine/app/controllers/api/v1/items/find_controller.rb": {
        "lines": [
          1,
          1,
          21,
          null,
          14,
          10,
          null,
          null,
          1,
          null,
          1,
          21,
          20,
          19,
          17,
          15,
          null,
          null,
          1,
          14,
          6,
          8,
          8,
          null,
          null,
          null,
          1,
          10,
          2,
          null,
          8,
          null,
          null,
          null,
          1,
          6,
          null,
          null,
          1,
          8,
          null,
          null
        ]
      },
      "/Users/samuelcox/turing_work/3mod/rails-engine/app/controllers/api/v1/items/base_controller.rb": {
        "lines": [
          1,
          1,
          null,
          1,
          8,
          null,
          null
        ]
      },
      "/Users/samuelcox/turing_work/3mod/rails-engine/app/controllers/application_controller.rb": {
        "lines": [
          1,
          1,
          1,
          null,
          1,
          6,
          null,
          null,
          1,
          17,
          null,
          null
        ]
      },
      "/Users/samuelcox/turing_work/3mod/rails-engine/app/errors/bad_data_error.rb": {
        "lines": [
          1,
          null
        ]
      },
      "/Users/samuelcox/turing_work/3mod/rails-engine/app/serializers/item_serializer.rb": {
        "lines": [
          1,
          1,
          1,
          null
        ]
      },
      "/Users/samuelcox/turing_work/3mod/rails-engine/app/serializers/error_serializer.rb": {
        "lines": [
          1,
          1,
          null,
          34,
          null,
          null,
          null,
          null,
          null,
          1,
          null,
          3,
          null,
          null,
          null
        ]
      },
      "/Users/samuelcox/turing_work/3mod/rails-engine/app/poros/error.rb": {
        "lines": [
          1,
          1,
          null,
          1,
          34,
          34,
          null,
          null,
          1,
          34,
          3,
          31,
          8,
          null,
          23,
          null,
          null,
          null,
          1,
          null,
          34,
          null,
          null,
          null,
          null,
          null
        ]
      },
      "/Users/samuelcox/turing_work/3mod/rails-engine/app/controllers/api/v1/items/find_all_controller.rb": {
        "lines": [
          1,
          1,
          19,
          null,
          13,
          13,
          null,
          null,
          1,
          null,
          1,
          19,
          18,
          17,
          15,
          13,
          null,
          null,
          1,
          13,
          5,
          8,
          8,
          null,
          null,
          null,
          1,
          13,
          null,
          null,
          1,
          5,
          null,
          null,
          1,
          8,
          null,
          null
        ]
      },
      "/Users/samuelcox/turing_work/3mod/rails-engine/app/controllers/api/v1/items_controller.rb": {
        "lines": [
          1,
          1,
          1,
          null,
          null,
          1,
          2,
          1,
          null,
          null,
          1,
          3,
          3,
          2,
          null,
          1,
          null,
          null,
          null,
          1,
          5,
          4,
          4,
          2,
          null,
          2,
          null,
          null,
          null,
          1,
          3,
          2,
          2,
          null,
          null,
          1,
          null,
          1,
          2,
          1,
          1,
          null,
          null,
          null,
          null,
          1,
          10,
          null,
          null,
          1,
          7,
          null,
          null
        ]
      },
      "/Users/samuelcox/turing_work/3mod/rails-engine/app/controllers/api/v1/items/merchant_controller.rb": {
        "lines": [
          1,
          1,
          2,
          1,
          null,
          null,
          1,
          null,
          1,
          2,
          null,
          null
        ]
      },
      "/Users/samuelcox/turing_work/3mod/rails-engine/app/serializers/merchant_serializer.rb": {
        "lines": [
          1,
          1,
          1,
          null
        ]
      },
      "/Users/samuelcox/turing_work/3mod/rails-engine/app/controllers/api/v1/merchants/find_controller.rb": {
        "lines": [
          1,
          1,
          6,
          4,
          4,
          1,
          null,
          3,
          null,
          null,
          2,
          null,
          null,
          null,
          1,
          null,
          1,
          4,
          null,
          null
        ]
      },
      "/Users/samuelcox/turing_work/3mod/rails-engine/app/controllers/api/v1/merchants/find_all_controller.rb": {
        "lines": [
          1,
          1,
          6,
          4,
          4,
          null,
          2,
          null,
          null,
          null,
          1,
          null,
          1,
          4,
          null,
          null
        ]
      },
      "/Users/samuelcox/turing_work/3mod/rails-engine/app/controllers/api/v1/merchants/items_controller.rb": {
        "lines": [
          1,
          1,
          2,
          1,
          null,
          null,
          1,
          null,
          1,
          2,
          null,
          null
        ]
      },
      "/Users/samuelcox/turing_work/3mod/rails-engine/app/controllers/api/v1/merchants_controller.rb": {
        "lines": [
          1,
          1,
          1,
          null,
          null,
          1,
          2,
          1,
          1,
          null,
          null,
          1,
          null,
          1,
          2,
          null,
          null
        ]
      }
    },
    "timestamp": 1706914419
  }
}
